<?xml version="1.0" encoding="UTF-8"?>
<!-- Generated by org.testng.reporters.JUnitReportReporter -->
<testsuite hostname="Nishchay" failures="0" tests="7" name="test1.day3" time="0.018" errors="0" timestamp="2024-05-12T16:54:38 IST" skipped="1">
  <testcase classname="test1.day3" name="WebSignoutCarLoan" time="0.001"/>
  <system-out/>
  <testcase classname="test1.day3" name="WebSignoutCarLoan" time="0.002"/>
  <system-out/>
  <testcase classname="test1.day3" name="WebLoginCarLoan" time="0.008"/>
  <system-out/>
  <testcase classname="test1.day3" name="ApiLoginCarLoan" time="0.002"/>
  <system-out/>
  <testcase classname="test1.day3" name="WebSigninCarLoan" time="0.002"/>
  <system-out/>
  <testcase classname="test1.day3" name="WebSignoutCarLoan" time="0.003"/>
  <system-out/>
  <testcase classname="test1.day3" name="MobileLoginCarLoan">
    <skipped/>
  </testcase> <!-- MobileLoginCarLoan -->
  <system-out/>
</testsuite> <!-- test1.day3 -->
