<?xml version="1.0" encoding="UTF-8"?>
<!-- Generated by org.testng.reporters.JUnitReportReporter -->
<testsuite hostname="Nishchay" failures="0" tests="1" name="test1.day2" time="0.002" errors="0" timestamp="2024-05-12T16:54:38 IST" skipped="0">
  <testcase classname="test1.day2" name="ploan" time="0.002"/>
  <system-out/>
</testsuite> <!-- test1.day2 -->
